<?xml version="1.0" encoding="UTF-8"?>
<testng-results skipped="0" failed="0" ignored="0" total="1" passed="1">
  <reporter-output>
  </reporter-output>
  <suite name="Default suite" duration-ms="37540" started-at="2021-07-05T12:08:50Z" finished-at="2021-07-05T12:09:27Z">
    <groups>
    </groups>
    <test name="Default test" duration-ms="37540" started-at="2021-07-05T12:08:50Z" finished-at="2021-07-05T12:09:27Z">
      <class name="tests.ExploreSiteMapTest">
        <test-method status="PASS" signature="setExtent()[pri:0, instance:tests.ExploreSiteMapTest@5223e5ee]" name="setExtent" is-config="true" duration-ms="336" started-at="2021-07-05T12:08:49Z" finished-at="2021-07-05T12:08:50Z">
          <reporter-output>
          </reporter-output>
        </test-method> <!-- setExtent -->
        <test-method status="PASS" signature="intializeWebdriver()[pri:0, instance:tests.ExploreSiteMapTest@5223e5ee]" name="intializeWebdriver" is-config="true" duration-ms="2956" started-at="2021-07-05T12:08:52Z" finished-at="2021-07-05T12:08:55Z">
          <reporter-output>
          </reporter-output>
        </test-method> <!-- intializeWebdriver -->
        <test-method status="PASS" signature="openBrowser()[pri:0, instance:tests.ExploreSiteMapTest@5223e5ee]" name="openBrowser" is-config="true" duration-ms="2820" started-at="2021-07-05T12:08:55Z" finished-at="2021-07-05T12:08:58Z">
          <reporter-output>
          </reporter-output>
        </test-method> <!-- openBrowser -->
        <test-method status="PASS" signature="exploreSiteMap_001(java.lang.String)[pri:0, instance:tests.ExploreSiteMapTest@5223e5ee]" name="exploreSiteMap_001" duration-ms="28607" started-at="2021-07-05T12:08:58Z" data-provider="executionStatus" finished-at="2021-07-05T12:09:26Z">
          <params>
            <param index="0">
              <value>
                <![CDATA[Yes]]>
              </value>
            </param>
          </params>
          <reporter-output>
          </reporter-output>
        </test-method> <!-- exploreSiteMap_001 -->
        <test-method status="PASS" signature="attachScreenshot(org.testng.ITestResult)[pri:0, instance:tests.ExploreSiteMapTest@5223e5ee]" name="attachScreenshot" is-config="true" duration-ms="14" started-at="2021-07-05T12:09:26Z" finished-at="2021-07-05T12:09:26Z">
          <params>
            <param index="0">
              <value>
                <![CDATA[[TestResult name=exploreSiteMap_001 status=SUCCESS method=ExploreSiteMapTest.exploreSiteMap_001(java.lang.String)[pri:0, instance:tests.ExploreSiteMapTest@5223e5ee] output={null}]]]>
              </value>
            </param>
          </params>
          <reporter-output>
          </reporter-output>
        </test-method> <!-- attachScreenshot -->
        <test-method status="PASS" signature="closeBrowser()[pri:0, instance:tests.ExploreSiteMapTest@5223e5ee]" name="closeBrowser" is-config="true" duration-ms="1074" started-at="2021-07-05T12:09:26Z" finished-at="2021-07-05T12:09:27Z">
          <reporter-output>
          </reporter-output>
        </test-method> <!-- closeBrowser -->
        <test-method status="PASS" signature="endReport()[pri:0, instance:tests.ExploreSiteMapTest@5223e5ee]" name="endReport" is-config="true" duration-ms="637" started-at="2021-07-05T12:09:27Z" finished-at="2021-07-05T12:09:28Z">
          <reporter-output>
          </reporter-output>
        </test-method> <!-- endReport -->
      </class> <!-- tests.ExploreSiteMapTest -->
    </test> <!-- Default test -->
  </suite> <!-- Default suite -->
</testng-results>
